<?xml version="1.0" encoding="UTF-8"?>
<testng-results ignored="0" total="2" passed="2" failed="0" skipped="0">
  <reporter-output>
  </reporter-output>
  <suite started-at="2020-10-05T20:57:51 PDT" name="Default suite" finished-at="2020-10-05T20:58:46 PDT" duration-ms="55472">
    <groups>
    </groups>
    <test started-at="2020-10-05T20:57:51 PDT" name="Default test" finished-at="2020-10-05T20:58:46 PDT" duration-ms="55472">
      <class name="com.ui.test.PageTestOneFlipkart">
        <test-method is-config="true" signature="setUpSuit()[pri:0, instance:com.ui.test.PageTestOneFlipkart@a1153bc]" started-at="2020-10-05T20:57:51 PDT" name="setUpSuit" finished-at="2020-10-05T20:57:51 PDT" duration-ms="184" status="PASS">
          <reporter-output>
          </reporter-output>
        </test-method> <!-- setUpSuit -->
        <test-method is-config="true" signature="launchBrowser()[pri:0, instance:com.ui.test.PageTestOneFlipkart@a1153bc]" started-at="2020-10-05T20:57:51 PDT" name="launchBrowser" finished-at="2020-10-05T20:58:08 PDT" duration-ms="17297" status="PASS">
          <reporter-output>
          </reporter-output>
        </test-method> <!-- launchBrowser -->
        <test-method signature="flipKartTestPage()[pri:1, instance:com.ui.test.PageTestOneFlipkart@a1153bc]" started-at="2020-10-05T20:58:08 PDT" name="flipKartTestPage" finished-at="2020-10-05T20:58:30 PDT" duration-ms="21249" status="PASS">
          <reporter-output>
          </reporter-output>
        </test-method> <!-- flipKartTestPage -->
        <test-method signature="Login()[pri:2, instance:com.ui.test.PageTestOneFlipkart@a1153bc]" started-at="2020-10-05T20:58:30 PDT" name="Login" finished-at="2020-10-05T20:58:46 PDT" duration-ms="16424" status="PASS">
          <reporter-output>
          </reporter-output>
        </test-method> <!-- Login -->
        <test-method is-config="true" signature="closeBrowser()[pri:0, instance:com.ui.test.PageTestOneFlipkart@a1153bc]" started-at="2020-10-05T20:58:46 PDT" name="closeBrowser" finished-at="2020-10-05T20:58:46 PDT" duration-ms="457" status="PASS">
          <reporter-output>
          </reporter-output>
        </test-method> <!-- closeBrowser -->
      </class> <!-- com.ui.test.PageTestOneFlipkart -->
    </test> <!-- Default test -->
  </suite> <!-- Default suite -->
</testng-results>
